<?xml version="1.0" encoding="UTF-8"?>
<!-- Generated by org.testng.reporters.JUnitXMLReporter -->
<testsuite ignored="0" hostname="LAPTOP-BQQB9QNF" failures="0" tests="12" name="Test" time="18.805" errors="0" timestamp="2024-11-02T16:21:46 IST">
  <testcase classname="MyTestNG.MyTestNG1" name="test01" time="0.064"/>
  <testcase classname="MyTestNG.MyTestNG1" name="test02" time="0.012"/>
  <testcase classname="MyTestNG.MyTestNG2" name="test01" time="0.0"/>
  <testcase classname="MyTestNG.MyTestNG2" name="test02" time="0.0"/>
  <testcase classname="kakl.testkaka" name="test01" time="7.181"/>
  <testcase classname="Lesson15.TestPizzaOrder" name="test01VerifyInitialPrice" time="0.071"/>
  <testcase classname="Lesson15.TestPizzaOrder" name="test02VerifyPriceWithDelivery" time="0.247"/>
  <testcase classname="Lesson15.TestPizzaOrder" name="test03VerifyCoupon" time="0.595"/>
  <testcase classname="SauceDemo.TestMainPage" name="titleofthepage" time="0.013"/>
  <testcase classname="SauceDemo.TestMainPage" name="logintosite" time="0.494"/>
  <testcase classname="SauceDemo.TestMainPage" name="productspage" time="1.267"/>
  <testcase classname="SauceDemo.TestMainPage" name="checkoutpage" time="0.598"/>
</testsuite> <!-- Test -->
