<?xml version="1.0" encoding="UTF-8"?>
<testng-results ignored="0" total="12" passed="12" failed="0" skipped="0">
  <reporter-output>
  </reporter-output>
  <suite started-at="2024-11-02T16:21:27 IST" name="Suite" finished-at="2024-11-02T16:21:46 IST" duration-ms="18805">
    <groups>
      <group name="TestNG">
        <method signature="MyTestNG1.test01()[pri:0, instance:MyTestNG.MyTestNG1@1be59f28]" name="test01" class="MyTestNG.MyTestNG1"/>
      </group> <!-- TestNG -->
    </groups>
    <test started-at="2024-11-02T16:21:27 IST" name="Test" finished-at="2024-11-02T16:21:46 IST" duration-ms="18805">
      <class name="kakl.testkaka">
        <test-method is-config="true" signature="Test01()[pri:0, instance:kakl.testkaka@c6e0f32]" started-at="2024-11-02T16:21:27 IST" name="Test01" finished-at="2024-11-02T16:21:32 IST" duration-ms="4875" status="PASS">
          <reporter-output>
          </reporter-output>
        </test-method> <!-- Test01 -->
        <test-method signature="test01()[pri:0, instance:kakl.testkaka@c6e0f32]" started-at="2024-11-02T16:21:32 IST" name="test01" finished-at="2024-11-02T16:21:40 IST" duration-ms="7181" status="PASS">
          <reporter-output>
          </reporter-output>
        </test-method> <!-- test01 -->
        <test-method is-config="true" signature="closeSession()[pri:0, instance:kakl.testkaka@c6e0f32]" started-at="2024-11-02T16:21:40 IST" name="closeSession" finished-at="2024-11-02T16:21:43 IST" duration-ms="3011" status="PASS">
          <reporter-output>
          </reporter-output>
        </test-method> <!-- closeSession -->
      </class> <!-- kakl.testkaka -->
      <class name="Lesson15.TestPizzaOrder">
        <test-method is-config="true" signature="startSession()[pri:0, instance:Lesson15.TestPizzaOrder@6e57b5e9]" started-at="2024-11-02T16:21:24 IST" name="startSession" finished-at="2024-11-02T16:21:27 IST" duration-ms="2966" status="PASS">
          <reporter-output>
          </reporter-output>
        </test-method> <!-- startSession -->
        <test-method signature="test01VerifyInitialPrice()[pri:0, instance:Lesson15.TestPizzaOrder@6e57b5e9]" started-at="2024-11-02T16:21:43 IST" name="test01VerifyInitialPrice" description="Test01 - Verify inital price" finished-at="2024-11-02T16:21:43 IST" duration-ms="71" status="PASS">
          <reporter-output>
          </reporter-output>
        </test-method> <!-- test01VerifyInitialPrice -->
        <test-method signature="test02VerifyPriceWithDelivery()[pri:0, instance:Lesson15.TestPizzaOrder@6e57b5e9]" started-at="2024-11-02T16:21:43 IST" name="test02VerifyPriceWithDelivery" description="Test02 - Verify Price with delivery" finished-at="2024-11-02T16:21:43 IST" duration-ms="247" status="PASS">
          <reporter-output>
          </reporter-output>
        </test-method> <!-- test02VerifyPriceWithDelivery -->
        <test-method signature="test03VerifyCoupon()[pri:0, instance:Lesson15.TestPizzaOrder@6e57b5e9]" started-at="2024-11-02T16:21:43 IST" name="test03VerifyCoupon" description="Test03 - Verify Coupon" finished-at="2024-11-02T16:21:44 IST" duration-ms="595" status="PASS">
          <reporter-output>
          </reporter-output>
        </test-method> <!-- test03VerifyCoupon -->
        <test-method is-config="true" signature="closeSession()[pri:0, instance:Lesson15.TestPizzaOrder@6e57b5e9]" started-at="2024-11-02T16:21:51 IST" name="closeSession" finished-at="2024-11-02T16:21:54 IST" duration-ms="3315" status="PASS">
          <reporter-output>
          </reporter-output>
        </test-method> <!-- closeSession -->
      </class> <!-- Lesson15.TestPizzaOrder -->
      <class name="MyTestNG.MyTestNG2">
        <test-method signature="test02()[pri:0, instance:MyTestNG.MyTestNG2@9255c05]" started-at="2024-11-02T16:21:32 IST" name="test02" finished-at="2024-11-02T16:21:32 IST" duration-ms="0" status="PASS">
          <reporter-output>
          </reporter-output>
        </test-method> <!-- test02 -->
        <test-method signature="test01()[pri:0, instance:MyTestNG.MyTestNG2@9255c05]" started-at="2024-11-02T16:21:32 IST" name="test01" finished-at="2024-11-02T16:21:32 IST" duration-ms="0" status="PASS">
          <reporter-output>
          </reporter-output>
        </test-method> <!-- test01 -->
      </class> <!-- MyTestNG.MyTestNG2 -->
      <class name="MyTestNG.MyTestNG1">
        <test-method signature="test01()[pri:0, instance:MyTestNG.MyTestNG1@1be59f28]" started-at="2024-11-02T16:21:32 IST" name="test01" finished-at="2024-11-02T16:21:32 IST" duration-ms="64" status="PASS">
          <reporter-output>
          </reporter-output>
        </test-method> <!-- test01 -->
        <test-method signature="test02()[pri:0, instance:MyTestNG.MyTestNG1@1be59f28]" started-at="2024-11-02T16:21:32 IST" name="test02" finished-at="2024-11-02T16:21:32 IST" duration-ms="12" status="PASS">
          <reporter-output>
          </reporter-output>
        </test-method> <!-- test02 -->
      </class> <!-- MyTestNG.MyTestNG1 -->
      <class name="SauceDemo.TestMainPage">
        <test-method is-config="true" signature="BaseDemo()[pri:0, instance:SauceDemo.TestMainPage@1abc9f14]" started-at="2024-11-02T16:21:20 IST" name="BaseDemo" finished-at="2024-11-02T16:21:24 IST" duration-ms="4611" status="PASS">
          <reporter-output>
          </reporter-output>
        </test-method> <!-- BaseDemo -->
        <test-method signature="titleofthepage()[pri:1, instance:SauceDemo.TestMainPage@1abc9f14]" started-at="2024-11-02T16:21:44 IST" name="titleofthepage" description="Title of the pagee" finished-at="2024-11-02T16:21:44 IST" duration-ms="13" status="PASS">
          <reporter-output>
          </reporter-output>
        </test-method> <!-- titleofthepage -->
        <test-method signature="logintosite()[pri:2, instance:SauceDemo.TestMainPage@1abc9f14]" started-at="2024-11-02T16:21:44 IST" name="logintosite" description="Test - login to the site" finished-at="2024-11-02T16:21:44 IST" duration-ms="494" status="PASS">
          <reporter-output>
          </reporter-output>
        </test-method> <!-- logintosite -->
        <test-method signature="productspage()[pri:3, instance:SauceDemo.TestMainPage@1abc9f14]" started-at="2024-11-02T16:21:44 IST" name="productspage" description="Test - page of products" finished-at="2024-11-02T16:21:45 IST" duration-ms="1267" status="PASS">
          <reporter-output>
          </reporter-output>
        </test-method> <!-- productspage -->
        <test-method signature="checkoutpage()[pri:4, instance:SauceDemo.TestMainPage@1abc9f14]" started-at="2024-11-02T16:21:45 IST" name="checkoutpage" description="Test - page of checkout" finished-at="2024-11-02T16:21:46 IST" duration-ms="598" status="PASS">
          <reporter-output>
          </reporter-output>
        </test-method> <!-- checkoutpage -->
        <test-method is-config="true" signature="closesession()[pri:0, instance:SauceDemo.TestMainPage@1abc9f14]" started-at="2024-11-02T16:21:46 IST" name="closesession" finished-at="2024-11-02T16:21:51 IST" duration-ms="5011" status="PASS">
          <reporter-output>
          </reporter-output>
        </test-method> <!-- closesession -->
      </class> <!-- SauceDemo.TestMainPage -->
    </test> <!-- Test -->
  </suite> <!-- Suite -->
</testng-results>
